<?xml version="1.0" encoding="UTF-8"?>
<!-- Generated by org.testng.reporters.JUnitReportReporter -->
<testsuite hostname="DESKTOP-DK9PHP1" failures="0" tests="6" name="MyTestCases" time="23.270" errors="0" timestamp="2024-06-10T16:29:26 EET" skipped="4">
  <testcase classname="MyTestCases" name="mySetUp" time="22.768"/>
  <system-out/>
  <testcase classname="MyTestCases" name="PriceItem" time="0.502"/>
  <system-out/>
  <testcase classname="MyTestCases" name="addSomeItemsAgain">
    <skipped/>
  </testcase> <!-- addSomeItemsAgain -->
  <system-out/>
  <testcase classname="MyTestCases" name="addSomeItems">
    <skipped/>
  </testcase> <!-- addSomeItems -->
  <system-out/>
  <testcase classname="MyTestCases" name="addAllItems">
    <skipped/>
  </testcase> <!-- addAllItems -->
  <system-out/>
  <testcase classname="MyTestCases" name="addItemsThatHasLabs">
    <skipped/>
  </testcase> <!-- addItemsThatHasLabs -->
  <system-out/>
</testsuite> <!-- MyTestCases -->
